<?xml version="1.0" encoding="UTF-8"?>
<!-- Generated by org.testng.reporters.JUnitReportReporter -->
<testsuite hostname="DESKTOP-E2MSR6M" failures="0" tests="1" name="tests.CreateContactWithExistingOrgTest" time="12.465" errors="0" timestamp="2024-08-23T10:58:15 IST" skipped="0">
  <testcase classname="tests.CreateContactWithExistingOrgTest" name="createContactTest" time="12.465"/>
</testsuite> <!-- tests.CreateContactWithExistingOrgTest -->
