<?xml version="1.0" encoding="UTF-8"?>
<!-- Generated by org.testng.reporters.JUnitReportReporter -->
<testsuite hostname="DESKTOP-E2MSR6M" failures="0" tests="1" name="tests.CreateOrgWithTypeAndIndustryTest" time="12.335" errors="0" timestamp="2024-08-23T11:01:42 IST" skipped="0">
  <testcase classname="tests.CreateOrgWithTypeAndIndustryTest" name="createOrgTest" time="12.335"/>
</testsuite> <!-- tests.CreateOrgWithTypeAndIndustryTest -->
