<?xml version="1.0" encoding="UTF-8"?>
<!-- Generated by org.testng.reporters.JUnitReportReporter -->
<testsuite hostname="DESKTOP-E2MSR6M" failures="0" tests="1" name="tests.CreateEventTest" time="13.042" errors="0" timestamp="2024-08-23T11:01:19 IST" skipped="0">
  <testcase classname="tests.CreateEventTest" name="createEventTest" time="13.042"/>
</testsuite> <!-- tests.CreateEventTest -->
